<?xml version="1.0" encoding="UTF-8"?>
<testng-results ignored="0" total="1" passed="1" failed="0" skipped="0">
  <reporter-output>
  </reporter-output>
  <suite started-at="2025-01-30T18:36:49 GMT" name="Suite" finished-at="2025-01-30T18:36:53 GMT" duration-ms="4400">
    <groups>
    </groups>
    <test started-at="2025-01-30T18:36:49 GMT" name="Test" finished-at="2025-01-30T18:36:53 GMT" duration-ms="4400">
      <class name="Tests.HomePageTests">
        <test-method signature="TestFirstOrderPrice()[pri:0, instance:Tests.HomePageTests@1de5f259]" started-at="2025-01-30T18:36:49 GMT" name="TestFirstOrderPrice" finished-at="2025-01-30T18:36:53 GMT" duration-ms="4368" status="PASS">
          <reporter-output>
          </reporter-output>
        </test-method> <!-- TestFirstOrderPrice -->
      </class> <!-- Tests.HomePageTests -->
    </test> <!-- Test -->
  </suite> <!-- Suite -->
</testng-results>
